<?xml version="1.0" encoding="UTF-8"?>
<!-- Generated by org.testng.reporters.JUnitXMLReporter -->
<testsuite hostname="dineshkila" ignored="21" name="RegressionTest" tests="5" failures="0" timestamp="25 Apr 2023 06:33:54 GMT" time="196.944" errors="0">
  <testcase name="AddToCartTest" time="13.788" classname="com.mydemo.testcases.AddToCartPageTest"/>
  <testcase name="AddressPageTest" time="25.393" classname="com.mydemo.testcases.AddressPageTest"/>
  <testcase name="AddressPageTest" time="26.175" classname="com.mydemo.testcases.AddressPageTest"/>
  <testcase name="EndToEndTest" time="49.201" classname="com.mydemo.testcases.EndToEndTest"/>
  <testcase name="OrderConfirmPageTest" time="50.805" classname="com.mydemo.testcases.OrderConfirmPageTest"/>
  <testcase name="verifyMyNopLogo" time="0.0" classname="com.mydemo.testcases.IndexPageTest">
    <ignored/>
  </testcase> <!-- verifyMyNopLogo -->
  <testcase name="verifyElectronicsLink" time="0.0" classname="com.mydemo.testcases.HomePageTest">
    <ignored/>
  </testcase> <!-- verifyElectronicsLink -->
  <testcase name="ShippingMethodPageTest" time="0.0" classname="com.mydemo.testcases.ShippingMethodPageTest">
    <ignored/>
  </testcase> <!-- ShippingMethodPageTest -->
  <testcase name="@BeforeSuite loadconfig" time="0.0" classname="com.mydemo.base.BaseClass">
    <ignored/>
  </testcase> <!-- @BeforeSuite loadconfig -->
  <testcase name="@BeforeSuite loadconfig" time="0.0" classname="com.mydemo.base.BaseClass">
    <ignored/>
  </testcase> <!-- @BeforeSuite loadconfig -->
  <testcase name="@BeforeSuite loadconfig" time="0.0" classname="com.mydemo.base.BaseClass">
    <ignored/>
  </testcase> <!-- @BeforeSuite loadconfig -->
  <testcase name="@BeforeSuite loadconfig" time="0.0" classname="com.mydemo.base.BaseClass">
    <ignored/>
  </testcase> <!-- @BeforeSuite loadconfig -->
  <testcase name="@BeforeSuite loadconfig" time="0.0" classname="com.mydemo.base.BaseClass">
    <ignored/>
  </testcase> <!-- @BeforeSuite loadconfig -->
  <testcase name="@BeforeSuite loadconfig" time="0.0" classname="com.mydemo.base.BaseClass">
    <ignored/>
  </testcase> <!-- @BeforeSuite loadconfig -->
  <testcase name="@BeforeSuite loadconfig" time="0.0" classname="com.mydemo.base.BaseClass">
    <ignored/>
  </testcase> <!-- @BeforeSuite loadconfig -->
  <testcase name="@BeforeSuite loadconfig" time="0.0" classname="com.mydemo.base.BaseClass">
    <ignored/>
  </testcase> <!-- @BeforeSuite loadconfig -->
  <testcase name="@BeforeSuite loadconfig" time="0.0" classname="com.mydemo.base.BaseClass">
    <ignored/>
  </testcase> <!-- @BeforeSuite loadconfig -->
  <testcase name="@BeforeSuite loadconfig" time="0.0" classname="com.mydemo.base.BaseClass">
    <ignored/>
  </testcase> <!-- @BeforeSuite loadconfig -->
  <testcase name="@BeforeSuite loadconfig" time="0.0" classname="com.mydemo.base.BaseClass">
    <ignored/>
  </testcase> <!-- @BeforeSuite loadconfig -->
  <testcase name="searchProductTest" time="0.0" classname="com.mydemo.testcases.SearchReasultPageTest">
    <ignored/>
  </testcase> <!-- searchProductTest -->
  <testcase name="ShoppingCartPageTest" time="0.0" classname="com.mydemo.testcases.ShoppingCartPageTest">
    <ignored/>
  </testcase> <!-- ShoppingCartPageTest -->
  <testcase name="registerTest" time="0.0" classname="com.mydemo.testcases.RegisterPageTest">
    <ignored/>
  </testcase> <!-- registerTest -->
  <testcase name="verifyComputersLink" time="0.0" classname="com.mydemo.testcases.HomePageTest">
    <ignored/>
  </testcase> <!-- verifyComputersLink -->
  <testcase name="loginTest" time="0.0" classname="com.mydemo.testcases.LoginPageTest">
    <ignored/>
  </testcase> <!-- loginTest -->
  <testcase name="getTitleTest" time="0.0" classname="com.mydemo.testcases.IndexPageTest">
    <ignored/>
  </testcase> <!-- getTitleTest -->
  <testcase name="PaymentPageTest" time="0.0" classname="com.mydemo.testcases.PaymentPageTest">
    <ignored/>
  </testcase> <!-- PaymentPageTest -->
</testsuite> <!-- RegressionTest -->
