<?xml version="1.0" encoding="UTF-8"?>
<!-- Generated by org.testng.reporters.JUnitXMLReporter -->
<testsuite hostname="dineshkila" ignored="1" name="SanityTest" tests="3" failures="0" timestamp="20 Apr 2023 04:49:59 GMT" time="88.574" errors="0">
  <testcase name="registerTest" time="6.403" classname="com.mydemo.testcases.RegisterPageTest"/>
  <testcase name="AddressPageTest" time="26.988" classname="com.mydemo.testcases.AddressPageTest"/>
  <testcase name="AddressPageTest" time="26.498" classname="com.mydemo.testcases.AddressPageTest"/>
  <testcase name="@BeforeSuite loadconfig" time="0.0" classname="com.mydemo.base.BaseClass">
    <ignored/>
  </testcase> <!-- @BeforeSuite loadconfig -->
</testsuite> <!-- SanityTest -->
