<?xml version="1.0" encoding="UTF-8"?>
<!-- Generated by org.testng.reporters.JUnitXMLReporter -->
<testsuite hostname="dineshkila" ignored="19" name="SmokeTest" tests="11" failures="6" timestamp="19 Apr 2023 09:54:52 GMT" time="227.022" errors="0">
  <testcase name="verifyComputersLink" time="5.69" classname="com.mydemo.testcases.HomePageTest"/>
  <testcase name="verifyElectronicsLink" time="5.262" classname="com.mydemo.testcases.HomePageTest"/>
  <testcase name="getTitleTest" time="0.081" classname="com.mydemo.testcases.IndexPageTest"/>
  <testcase name="verifyMyNopLogo" time="0.204" classname="com.mydemo.testcases.IndexPageTest"/>
  <testcase name="searchProductTest" time="8.59" classname="com.mydemo.testcases.SearchReasultPageTest"/>
  <testcase name="loginTest" time="3.971" classname="com.mydemo.testcases.LoginPageTest">
    <failure type="java.lang.AssertionError" message="expected [https://demo.nopcommerce.com/] but found [https://demo.nopcommerce.com/login?returnurl=%2F]">
      <![CDATA[java.lang.AssertionError: expected [https://demo.nopcommerce.com/] but found [https://demo.nopcommerce.com/login?returnurl=%2F]
at com.mydemo.testcases.LoginPageTest.loginTest(LoginPageTest.java:52)
... Removed 31 stack frames]]>
    </failure>
  </testcase> <!-- loginTest -->
  <testcase name="loginTest" time="3.806" classname="com.mydemo.testcases.LoginPageTest">
    <failure type="java.lang.AssertionError" message="expected [https://demo.nopcommerce.com/] but found [https://demo.nopcommerce.com/login?returnurl=%2F]">
      <![CDATA[java.lang.AssertionError: expected [https://demo.nopcommerce.com/] but found [https://demo.nopcommerce.com/login?returnurl=%2F]
at com.mydemo.testcases.LoginPageTest.loginTest(LoginPageTest.java:52)
... Removed 31 stack frames]]>
    </failure>
  </testcase> <!-- loginTest -->
  <testcase name="loginTest" time="4.02" classname="com.mydemo.testcases.LoginPageTest">
    <failure type="java.lang.AssertionError" message="expected [https://demo.nopcommerce.com/] but found [https://demo.nopcommerce.com/login?returnurl=%2F]">
      <![CDATA[java.lang.AssertionError: expected [https://demo.nopcommerce.com/] but found [https://demo.nopcommerce.com/login?returnurl=%2F]
at com.mydemo.testcases.LoginPageTest.loginTest(LoginPageTest.java:52)
... Removed 31 stack frames]]>
    </failure>
  </testcase> <!-- loginTest -->
  <testcase name="loginTest" time="4.008" classname="com.mydemo.testcases.LoginPageTest">
    <failure type="java.lang.AssertionError" message="expected [https://demo.nopcommerce.com/] but found [https://demo.nopcommerce.com/login?returnurl=%2F]">
      <![CDATA[java.lang.AssertionError: expected [https://demo.nopcommerce.com/] but found [https://demo.nopcommerce.com/login?returnurl=%2F]
at com.mydemo.testcases.LoginPageTest.loginTest(LoginPageTest.java:52)
... Removed 31 stack frames]]>
    </failure>
  </testcase> <!-- loginTest -->
  <testcase name="loginTest" time="3.227" classname="com.mydemo.testcases.LoginPageTest">
    <failure type="java.lang.AssertionError" message="expected [https://demo.nopcommerce.com/] but found [https://demo.nopcommerce.com/login?returnurl=%2F]">
      <![CDATA[java.lang.AssertionError: expected [https://demo.nopcommerce.com/] but found [https://demo.nopcommerce.com/login?returnurl=%2F]
at com.mydemo.testcases.LoginPageTest.loginTest(LoginPageTest.java:52)
... Removed 31 stack frames]]>
    </failure>
  </testcase> <!-- loginTest -->
  <testcase name="loginTest" time="2.462" classname="com.mydemo.testcases.LoginPageTest">
    <failure type="java.lang.AssertionError" message="expected [https://demo.nopcommerce.com/] but found [https://demo.nopcommerce.com/login?returnUrl=%2F]">
      <![CDATA[java.lang.AssertionError: expected [https://demo.nopcommerce.com/] but found [https://demo.nopcommerce.com/login?returnUrl=%2F]
at com.mydemo.testcases.LoginPageTest.loginTest(LoginPageTest.java:52)
... Removed 31 stack frames]]>
    </failure>
  </testcase> <!-- loginTest -->
  <testcase name="ShippingMethodPageTest" time="0.0" classname="com.mydemo.testcases.ShippingMethodPageTest">
    <ignored/>
  </testcase> <!-- ShippingMethodPageTest -->
  <testcase name="EndToEndTest" time="0.0" classname="com.mydemo.testcases.EndToEndTest">
    <ignored/>
  </testcase> <!-- EndToEndTest -->
  <testcase name="@BeforeSuite loadconfig" time="0.0" classname="com.mydemo.base.BaseClass">
    <ignored/>
  </testcase> <!-- @BeforeSuite loadconfig -->
  <testcase name="@BeforeSuite loadconfig" time="0.0" classname="com.mydemo.base.BaseClass">
    <ignored/>
  </testcase> <!-- @BeforeSuite loadconfig -->
  <testcase name="@BeforeSuite loadconfig" time="0.0" classname="com.mydemo.base.BaseClass">
    <ignored/>
  </testcase> <!-- @BeforeSuite loadconfig -->
  <testcase name="@BeforeSuite loadconfig" time="0.0" classname="com.mydemo.base.BaseClass">
    <ignored/>
  </testcase> <!-- @BeforeSuite loadconfig -->
  <testcase name="@BeforeSuite loadconfig" time="0.0" classname="com.mydemo.base.BaseClass">
    <ignored/>
  </testcase> <!-- @BeforeSuite loadconfig -->
  <testcase name="@BeforeSuite loadconfig" time="0.0" classname="com.mydemo.base.BaseClass">
    <ignored/>
  </testcase> <!-- @BeforeSuite loadconfig -->
  <testcase name="@BeforeSuite loadconfig" time="0.0" classname="com.mydemo.base.BaseClass">
    <ignored/>
  </testcase> <!-- @BeforeSuite loadconfig -->
  <testcase name="@BeforeSuite loadconfig" time="0.0" classname="com.mydemo.base.BaseClass">
    <ignored/>
  </testcase> <!-- @BeforeSuite loadconfig -->
  <testcase name="@BeforeSuite loadconfig" time="0.0" classname="com.mydemo.base.BaseClass">
    <ignored/>
  </testcase> <!-- @BeforeSuite loadconfig -->
  <testcase name="@BeforeSuite loadconfig" time="0.0" classname="com.mydemo.base.BaseClass">
    <ignored/>
  </testcase> <!-- @BeforeSuite loadconfig -->
  <testcase name="@BeforeSuite loadconfig" time="0.0" classname="com.mydemo.base.BaseClass">
    <ignored/>
  </testcase> <!-- @BeforeSuite loadconfig -->
  <testcase name="ShoppingCartPageTest" time="0.0" classname="com.mydemo.testcases.ShoppingCartPageTest">
    <ignored/>
  </testcase> <!-- ShoppingCartPageTest -->
  <testcase name="registerTest" time="0.0" classname="com.mydemo.testcases.RegisterPageTest">
    <ignored/>
  </testcase> <!-- registerTest -->
  <testcase name="AddressPageTest" time="0.0" classname="com.mydemo.testcases.AddressPageTest">
    <ignored/>
  </testcase> <!-- AddressPageTest -->
  <testcase name="PaymentPageTest" time="0.0" classname="com.mydemo.testcases.PaymentPageTest">
    <ignored/>
  </testcase> <!-- PaymentPageTest -->
  <testcase name="OrderConfirmPageTest" time="0.0" classname="com.mydemo.testcases.OrderConfirmPageTest">
    <ignored/>
  </testcase> <!-- OrderConfirmPageTest -->
  <testcase name="AddToCartTest" time="0.0" classname="com.mydemo.testcases.AddToCartPageTest">
    <ignored/>
  </testcase> <!-- AddToCartTest -->
</testsuite> <!-- SmokeTest -->
