<?xml version="1.0" encoding="UTF-8"?>
<!-- Generated by org.testng.reporters.JUnitXMLReporter -->
<testsuite hostname="dineshkila" ignored="22" name="Test_All" tests="19" failures="4" timestamp="19 Apr 2023 08:56:42 GMT" time="520.493" errors="0">
  <testcase name="verifyComputersLink" time="6.184" classname="com.mydemo.testcases.HomePageTest"/>
  <testcase name="verifyElectronicsLink" time="3.17" classname="com.mydemo.testcases.HomePageTest"/>
  <testcase name="registerTest" time="11.333" classname="com.mydemo.testcases.RegisterPageTest"/>
  <testcase name="getTitleTest" time="0.049" classname="com.mydemo.testcases.IndexPageTest"/>
  <testcase name="verifyMyNopLogo" time="0.126" classname="com.mydemo.testcases.IndexPageTest"/>
  <testcase name="AddToCartTest" time="20.265" classname="com.mydemo.testcases.AddToCartPageTest"/>
  <testcase name="ShoppingCartPageTest" time="29.321" classname="com.mydemo.testcases.ShoppingCartPageTest"/>
  <testcase name="ShippingMethodPageTest" time="43.471" classname="com.mydemo.testcases.ShippingMethodPageTest"/>
  <testcase name="AddressPageTest" time="36.933" classname="com.mydemo.testcases.AddressPageTest"/>
  <testcase name="OrderConfirmPageTest" time="60.618" classname="com.mydemo.testcases.OrderConfirmPageTest"/>
  <testcase name="PaymentPageTest" time="45.435" classname="com.mydemo.testcases.PaymentPageTest"/>
  <testcase name="EndToEndTest" time="63.07" classname="com.mydemo.testcases.EndToEndTest"/>
  <testcase name="searchProductTest" time="11.745" classname="com.mydemo.testcases.SearchReasultPageTest"/>
  <testcase name="loginTest" time="5.654" classname="com.mydemo.testcases.LoginPageTest"/>
  <testcase name="loginTest" time="3.896" classname="com.mydemo.testcases.LoginPageTest">
    <failure type="java.lang.AssertionError" message="expected [https://demo.nopcommerce.com/] but found [https://demo.nopcommerce.com/login?returnurl=%2F]">
      <![CDATA[java.lang.AssertionError: expected [https://demo.nopcommerce.com/] but found [https://demo.nopcommerce.com/login?returnurl=%2F]
at com.mydemo.testcases.LoginPageTest.loginTest(LoginPageTest.java:52)
... Removed 31 stack frames]]>
    </failure>
  </testcase> <!-- loginTest -->
  <testcase name="loginTest" time="5.155" classname="com.mydemo.testcases.LoginPageTest">
    <failure type="java.lang.AssertionError" message="expected [https://demo.nopcommerce.com/] but found [https://demo.nopcommerce.com/login?returnurl=%2F]">
      <![CDATA[java.lang.AssertionError: expected [https://demo.nopcommerce.com/] but found [https://demo.nopcommerce.com/login?returnurl=%2F]
at com.mydemo.testcases.LoginPageTest.loginTest(LoginPageTest.java:52)
... Removed 31 stack frames]]>
    </failure>
  </testcase> <!-- loginTest -->
  <testcase name="loginTest" time="3.46" classname="com.mydemo.testcases.LoginPageTest">
    <failure type="java.lang.AssertionError" message="expected [https://demo.nopcommerce.com/] but found [https://demo.nopcommerce.com/login?returnurl=%2F]">
      <![CDATA[java.lang.AssertionError: expected [https://demo.nopcommerce.com/] but found [https://demo.nopcommerce.com/login?returnurl=%2F]
at com.mydemo.testcases.LoginPageTest.loginTest(LoginPageTest.java:52)
... Removed 31 stack frames]]>
    </failure>
  </testcase> <!-- loginTest -->
  <testcase name="loginTest" time="4.726" classname="com.mydemo.testcases.LoginPageTest"/>
  <testcase name="loginTest" time="4.543" classname="com.mydemo.testcases.LoginPageTest">
    <failure type="java.lang.AssertionError" message="expected [https://demo.nopcommerce.com/] but found [https://demo.nopcommerce.com/login?returnUrl=%2F]">
      <![CDATA[java.lang.AssertionError: expected [https://demo.nopcommerce.com/] but found [https://demo.nopcommerce.com/login?returnUrl=%2F]
at com.mydemo.testcases.LoginPageTest.loginTest(LoginPageTest.java:52)
... Removed 31 stack frames]]>
    </failure>
  </testcase> <!-- loginTest -->
  <testcase name="@BeforeSuite loadconfig" time="0.0" classname="com.mydemo.base.BaseClass">
    <ignored/>
  </testcase> <!-- @BeforeSuite loadconfig -->
  <testcase name="@BeforeSuite loadconfig" time="0.0" classname="com.mydemo.base.BaseClass">
    <ignored/>
  </testcase> <!-- @BeforeSuite loadconfig -->
  <testcase name="@BeforeSuite loadconfig" time="0.0" classname="com.mydemo.base.BaseClass">
    <ignored/>
  </testcase> <!-- @BeforeSuite loadconfig -->
  <testcase name="@BeforeSuite loadconfig" time="0.0" classname="com.mydemo.base.BaseClass">
    <ignored/>
  </testcase> <!-- @BeforeSuite loadconfig -->
  <testcase name="@BeforeSuite loadconfig" time="0.0" classname="com.mydemo.base.BaseClass">
    <ignored/>
  </testcase> <!-- @BeforeSuite loadconfig -->
  <testcase name="@BeforeSuite loadconfig" time="0.0" classname="com.mydemo.base.BaseClass">
    <ignored/>
  </testcase> <!-- @BeforeSuite loadconfig -->
  <testcase name="@BeforeSuite loadconfig" time="0.0" classname="com.mydemo.base.BaseClass">
    <ignored/>
  </testcase> <!-- @BeforeSuite loadconfig -->
  <testcase name="@BeforeSuite loadconfig" time="0.0" classname="com.mydemo.base.BaseClass">
    <ignored/>
  </testcase> <!-- @BeforeSuite loadconfig -->
  <testcase name="@BeforeSuite loadconfig" time="0.0" classname="com.mydemo.base.BaseClass">
    <ignored/>
  </testcase> <!-- @BeforeSuite loadconfig -->
  <testcase name="@BeforeSuite loadconfig" time="0.0" classname="com.mydemo.base.BaseClass">
    <ignored/>
  </testcase> <!-- @BeforeSuite loadconfig -->
  <testcase name="@BeforeSuite loadconfig" time="0.0" classname="com.mydemo.base.BaseClass">
    <ignored/>
  </testcase> <!-- @BeforeSuite loadconfig -->
  <testcase name="@AfterSuite afterSuite" time="0.0" classname="com.mydemo.base.BaseClass">
    <ignored/>
  </testcase> <!-- @AfterSuite afterSuite -->
  <testcase name="@AfterSuite afterSuite" time="0.0" classname="com.mydemo.base.BaseClass">
    <ignored/>
  </testcase> <!-- @AfterSuite afterSuite -->
  <testcase name="@AfterSuite afterSuite" time="0.0" classname="com.mydemo.base.BaseClass">
    <ignored/>
  </testcase> <!-- @AfterSuite afterSuite -->
  <testcase name="@AfterSuite afterSuite" time="0.0" classname="com.mydemo.base.BaseClass">
    <ignored/>
  </testcase> <!-- @AfterSuite afterSuite -->
  <testcase name="@AfterSuite afterSuite" time="0.0" classname="com.mydemo.base.BaseClass">
    <ignored/>
  </testcase> <!-- @AfterSuite afterSuite -->
  <testcase name="@AfterSuite afterSuite" time="0.0" classname="com.mydemo.base.BaseClass">
    <ignored/>
  </testcase> <!-- @AfterSuite afterSuite -->
  <testcase name="@AfterSuite afterSuite" time="0.0" classname="com.mydemo.base.BaseClass">
    <ignored/>
  </testcase> <!-- @AfterSuite afterSuite -->
  <testcase name="@AfterSuite afterSuite" time="0.0" classname="com.mydemo.base.BaseClass">
    <ignored/>
  </testcase> <!-- @AfterSuite afterSuite -->
  <testcase name="@AfterSuite afterSuite" time="0.0" classname="com.mydemo.base.BaseClass">
    <ignored/>
  </testcase> <!-- @AfterSuite afterSuite -->
  <testcase name="@AfterSuite afterSuite" time="0.0" classname="com.mydemo.base.BaseClass">
    <ignored/>
  </testcase> <!-- @AfterSuite afterSuite -->
  <testcase name="@AfterSuite afterSuite" time="0.0" classname="com.mydemo.base.BaseClass">
    <ignored/>
  </testcase> <!-- @AfterSuite afterSuite -->
</testsuite> <!-- Test_All -->
