<?xml version="1.0" encoding="UTF-8"?>
<testng-results skipped="0" failed="0" ignored="1" total="4" passed="3">
  <reporter-output>
  </reporter-output>
  <suite name="ChromeTest" duration-ms="88574" started-at="2023-04-20T04:48:31Z" finished-at="2023-04-20T04:49:59Z">
    <groups>
      <group name="Sanity">
        <method signature="AddressPageTest.AddressPageTest(java.lang.String, java.lang.String, java.lang.String, java.lang.String)[pri:0, instance:com.mydemo.testcases.AddressPageTest@7d0587f1]" name="AddressPageTest" class="com.mydemo.testcases.AddressPageTest"/>
        <method signature="RegisterPageTest.registerTest()[pri:0, instance:com.mydemo.testcases.RegisterPageTest@67205a84]" name="registerTest" class="com.mydemo.testcases.RegisterPageTest"/>
      </group> <!-- Sanity -->
      <group name="Regression">
        <method signature="AddressPageTest.AddressPageTest(java.lang.String, java.lang.String, java.lang.String, java.lang.String)[pri:0, instance:com.mydemo.testcases.AddressPageTest@7d0587f1]" name="AddressPageTest" class="com.mydemo.testcases.AddressPageTest"/>
      </group> <!-- Regression -->
    </groups>
    <test name="SanityTest" duration-ms="88574" started-at="2023-04-20T04:48:31Z" finished-at="2023-04-20T04:49:59Z">
      <class name="com.mydemo.testcases.RegisterPageTest">
        <test-method status="PASS" signature="loadconfig()[pri:0, instance:com.mydemo.testcases.RegisterPageTest@67205a84]" name="loadconfig" is-config="true" duration-ms="717" started-at="2023-04-20T04:48:30Z" finished-at="2023-04-20T04:48:31Z">
          <reporter-output>
          </reporter-output>
        </test-method> <!-- loadconfig -->
        <test-method status="PASS" signature="setUp(java.lang.String)[pri:0, instance:com.mydemo.testcases.RegisterPageTest@67205a84]" name="setUp" is-config="true" duration-ms="11983" started-at="2023-04-20T04:48:31Z" finished-at="2023-04-20T04:48:43Z">
          <params>
            <param index="0">
              <value>
                <![CDATA[Chrome]]>
              </value>
            </param>
          </params>
          <reporter-output>
          </reporter-output>
        </test-method> <!-- setUp -->
        <test-method status="PASS" signature="registerTest()[pri:0, instance:com.mydemo.testcases.RegisterPageTest@67205a84]" name="registerTest" duration-ms="6403" started-at="2023-04-20T04:48:43Z" finished-at="2023-04-20T04:48:49Z">
          <reporter-output>
          </reporter-output>
        </test-method> <!-- registerTest -->
        <test-method status="PASS" signature="tearDown()[pri:0, instance:com.mydemo.testcases.RegisterPageTest@67205a84]" name="tearDown" is-config="true" duration-ms="860" started-at="2023-04-20T04:48:49Z" finished-at="2023-04-20T04:48:50Z">
          <reporter-output>
          </reporter-output>
        </test-method> <!-- tearDown -->
      </class> <!-- com.mydemo.testcases.RegisterPageTest -->
      <class name="com.mydemo.testcases.AddressPageTest">
        <test-method status="PASS" signature="setUp(java.lang.String)[pri:0, instance:com.mydemo.testcases.AddressPageTest@7d0587f1]" name="setUp" is-config="true" duration-ms="6436" started-at="2023-04-20T04:48:51Z" finished-at="2023-04-20T04:48:58Z">
          <params>
            <param index="0">
              <value>
                <![CDATA[Chrome]]>
              </value>
            </param>
          </params>
          <reporter-output>
          </reporter-output>
        </test-method> <!-- setUp -->
        <test-method status="PASS" signature="AddressPageTest(java.lang.String, java.lang.String, java.lang.String, java.lang.String)[pri:0, instance:com.mydemo.testcases.AddressPageTest@7d0587f1]" name="AddressPageTest" duration-ms="26988" started-at="2023-04-20T04:48:58Z" data-provider="NopAddressData" finished-at="2023-04-20T04:49:25Z">
          <params>
            <param index="0">
              <value>
                <![CDATA[]]>
              </value>
            </param>
            <param index="1">
              <value>
                <![CDATA[]]>
              </value>
            </param>
            <param index="2">
              <value>
                <![CDATA[]]>
              </value>
            </param>
            <param index="3">
              <value>
                <![CDATA[]]>
              </value>
            </param>
          </params>
          <reporter-output>
          </reporter-output>
        </test-method> <!-- AddressPageTest -->
        <test-method status="PASS" signature="tearDown()[pri:0, instance:com.mydemo.testcases.AddressPageTest@7d0587f1]" name="tearDown" is-config="true" duration-ms="971" started-at="2023-04-20T04:49:25Z" finished-at="2023-04-20T04:49:26Z">
          <reporter-output>
          </reporter-output>
        </test-method> <!-- tearDown -->
        <test-method status="PASS" signature="setUp(java.lang.String)[pri:0, instance:com.mydemo.testcases.AddressPageTest@7d0587f1]" name="setUp" is-config="true" duration-ms="6228" started-at="2023-04-20T04:49:26Z" finished-at="2023-04-20T04:49:32Z">
          <params>
            <param index="0">
              <value>
                <![CDATA[Chrome]]>
              </value>
            </param>
          </params>
          <reporter-output>
          </reporter-output>
        </test-method> <!-- setUp -->
        <test-method status="PASS" signature="AddressPageTest(java.lang.String, java.lang.String, java.lang.String, java.lang.String)[pri:0, instance:com.mydemo.testcases.AddressPageTest@7d0587f1]" name="AddressPageTest" duration-ms="26498" started-at="2023-04-20T04:49:32Z" data-provider="NopAddressData" finished-at="2023-04-20T04:49:58Z">
          <params>
            <param index="0">
              <value>
                <![CDATA[]]>
              </value>
            </param>
            <param index="1">
              <value>
                <![CDATA[]]>
              </value>
            </param>
            <param index="2">
              <value>
                <![CDATA[]]>
              </value>
            </param>
            <param index="3">
              <value>
                <![CDATA[]]>
              </value>
            </param>
          </params>
          <reporter-output>
          </reporter-output>
        </test-method> <!-- AddressPageTest -->
        <test-method status="PASS" signature="tearDown()[pri:0, instance:com.mydemo.testcases.AddressPageTest@7d0587f1]" name="tearDown" is-config="true" duration-ms="1010" started-at="2023-04-20T04:49:58Z" finished-at="2023-04-20T04:49:59Z">
          <reporter-output>
          </reporter-output>
        </test-method> <!-- tearDown -->
      </class> <!-- com.mydemo.testcases.AddressPageTest -->
    </test> <!-- SanityTest -->
  </suite> <!-- ChromeTest -->
</testng-results>
